[ 2016-09-09T09:12:48+08:00 ] 127.0.0.1 /
INFO: [ app_init ] --START--
INFO: Run Behavior\BuildLiteBehavior [ RunTime:0.000000s ]
INFO: [ app_init ] --END-- [ RunTime:0.000000s ]
INFO: [ app_begin ] --START--
INFO: Run Behavior\ReadHtmlCacheBehavior [ RunTime:0.000000s ]
INFO: [ app_begin ] --END-- [ RunTime:0.000000s ]

[ 2016-09-09T09:12:48+08:00 ] 127.0.0.1 /favicon.ico
INFO: [ app_init ] --START--
INFO: Run Behavior\BuildLiteBehavior [ RunTime:0.000000s ]
INFO: [ app_init ] --END-- [ RunTime:0.000000s ]

[ 2016-09-09T09:28:22+08:00 ] 127.0.0.1 /Home/user/center/_platform/web
INFO: [ app_init ] --START--
INFO: Run Behavior\BuildLiteBehavior [ RunTime:0.000000s ]
INFO: [ app_init ] --END-- [ RunTime:0.000000s ]
INFO: [ app_begin ] --START--
INFO: Run Behavior\ReadHtmlCacheBehavior [ RunTime:0.001000s ]
INFO: [ app_begin ] --END-- [ RunTime:0.001000s ]

[ 2016-09-09T15:48:49+08:00 ] 127.0.0.1 /
INFO: [ app_init ] --START--
INFO: Run Behavior\BuildLiteBehavior [ RunTime:0.000000s ]
INFO: [ app_init ] --END-- [ RunTime:0.046003s ]
INFO: [ app_begin ] --START--
INFO: Run Behavior\ReadHtmlCacheBehavior [ RunTime:0.002000s ]
INFO: [ app_begin ] --END-- [ RunTime:0.003000s ]
SQL: SHOW COLUMNS FROM `gwshop_ad` [ RunTime:0.0060s ]
SQL: SELECT `ad_name`,`ad_link`,`ad_code` FROM `gwshop_ad` WHERE `pid` = 1  [ RunTime:0.0010s ]
SQL: SHOW COLUMNS FROM `gwshop_goods_category` [ RunTime:0.0060s ]
SQL: SELECT `type_name`,`type_img`,`id` FROM `gwshop_goods_category` WHERE ( level=1 ) ORDER BY sort_order LIMIT 4   [ RunTime:0.0010s ]
SQL: SHOW COLUMNS FROM `gwshop_goods` [ RunTime:0.0060s ]
SQL: SELECT `id`,`goods_img`,`goods_price`,`goods_name`,`goods_brief`,`click_count`,`favorite_count`,`comment_count` FROM `gwshop_goods` WHERE ( is_recommend=1 and is_on_sale=1 ) ORDER BY id DESC LIMIT 3   [ RunTime:0.0010s ]
SQL: SELECT `id`,`goods_img`,`goods_price`,`goods_name`,`market_price` FROM `gwshop_goods` WHERE ( gtype=2 and is_on_sale=1 ) ORDER BY id DESC LIMIT 3   [ RunTime:0.0000s ]
SQL: SHOW COLUMNS FROM `gwshop_active` [ RunTime:0.0060s ]
SQL: SELECT `end_time` FROM `gwshop_active` WHERE `type` = 'limit_goods' LIMIT 1   [ RunTime:0.0010s ]
SQL: SELECT `id`,`goods_img`,`goods_price`,`goods_name`,`goods_brief`,`click_count` FROM `gwshop_goods` WHERE ( is_hot=1 and is_on_sale=1 ) ORDER BY id DESC LIMIT 8   [ RunTime:0.0000s ]

[ 2016-09-09T16:11:55+08:00 ] 127.0.0.1 /Home/goodsCategory/Category_pc/_platform/web
INFO: [ app_init ] --START--
INFO: Run Behavior\BuildLiteBehavior [ RunTime:0.000000s ]
INFO: [ app_init ] --END-- [ RunTime:0.000000s ]
INFO: [ app_begin ] --START--
INFO: Run Behavior\ReadHtmlCacheBehavior [ RunTime:0.000000s ]
INFO: [ app_begin ] --END-- [ RunTime:0.000000s ]
SQL: SHOW COLUMNS FROM `gwshop_goods_category` [ RunTime:0.0030s ]
SQL: SELECT `id`,`type_name`,`type_desc`,`type_img`,`parent_id` FROM `gwshop_goods_category` WHERE `parent_id` = 0  [ RunTime:0.0010s ]
INFO: [ app_end ] --START--
INFO: Run Behavior\ShowPageTraceBehavior [ RunTime:0.000000s ]
INFO: [ app_end ] --END-- [ RunTime:0.000000s ]

[ 2016-09-09T16:14:12+08:00 ] 127.0.0.1 /Home/goodsCategory/Category_pc/_platform/web
INFO: [ app_init ] --START--
INFO: Run Behavior\BuildLiteBehavior [ RunTime:0.000000s ]
INFO: [ app_init ] --END-- [ RunTime:0.000000s ]
INFO: [ app_begin ] --START--
INFO: Run Behavior\ReadHtmlCacheBehavior [ RunTime:0.000000s ]
INFO: [ app_begin ] --END-- [ RunTime:0.000000s ]
SQL: SHOW COLUMNS FROM `gwshop_goods_category` [ RunTime:0.0020s ]
SQL: SELECT * FROM `gwshop_goods_category` WHERE `parent_id` = 0 LIMIT 1   [ RunTime:0.0000s ]
NOTIC: [8] Undefined offset: 0 E:\phpStudy\WWW\gwshop\ThinkPHP\Library\Think\Db\Driver.class.php 第 550 行.
NOTIC: [8] Undefined offset: 0 E:\phpStudy\WWW\gwshop\ThinkPHP\Library\Think\Db\Driver.class.php 第 596 行.
NOTIC: [8] Undefined offset: 0 E:\phpStudy\WWW\gwshop\ThinkPHP\Library\Think\Db\Driver.class.php 第 596 行.
NOTIC: [8] Undefined offset: 0 E:\phpStudy\WWW\gwshop\ThinkPHP\Library\Think\Db\Driver.class.php 第 597 行.
NOTIC: [8] Undefined offset: 0 E:\phpStudy\WWW\gwshop\ThinkPHP\Library\Think\Db\Driver.class.php 第 600 行.
NOTIC: [8] Undefined offset: 1 E:\phpStudy\WWW\gwshop\ThinkPHP\Library\Think\Db\Driver.class.php 第 596 行.
NOTIC: [8] Undefined offset: 1 E:\phpStudy\WWW\gwshop\ThinkPHP\Library\Think\Db\Driver.class.php 第 596 行.
NOTIC: [8] Undefined offset: 1 E:\phpStudy\WWW\gwshop\ThinkPHP\Library\Think\Db\Driver.class.php 第 597 行.
NOTIC: [8] Undefined offset: 1 E:\phpStudy\WWW\gwshop\ThinkPHP\Library\Think\Db\Driver.class.php 第 600 行.
NOTIC: [8] Undefined offset: 2 E:\phpStudy\WWW\gwshop\ThinkPHP\Library\Think\Db\Driver.class.php 第 596 行.
NOTIC: [8] Undefined offset: 2 E:\phpStudy\WWW\gwshop\ThinkPHP\Library\Think\Db\Driver.class.php 第 596 行.
NOTIC: [8] Undefined offset: 2 E:\phpStudy\WWW\gwshop\ThinkPHP\Library\Think\Db\Driver.class.php 第 597 行.
NOTIC: [8] Undefined offset: 2 E:\phpStudy\WWW\gwshop\ThinkPHP\Library\Think\Db\Driver.class.php 第 600 行.
NOTIC: [8] Undefined offset: 3 E:\phpStudy\WWW\gwshop\ThinkPHP\Library\Think\Db\Driver.class.php 第 596 行.
NOTIC: [8] Undefined offset: 3 E:\phpStudy\WWW\gwshop\ThinkPHP\Library\Think\Db\Driver.class.php 第 596 行.
NOTIC: [8] Undefined offset: 3 E:\phpStudy\WWW\gwshop\ThinkPHP\Library\Think\Db\Driver.class.php 第 597 行.
NOTIC: [8] Undefined offset: 3 E:\phpStudy\WWW\gwshop\ThinkPHP\Library\Think\Db\Driver.class.php 第 600 行.
NOTIC: [8] Undefined offset: 4 E:\phpStudy\WWW\gwshop\ThinkPHP\Library\Think\Db\Driver.class.php 第 596 行.
NOTIC: [8] Undefined offset: 4 E:\phpStudy\WWW\gwshop\ThinkPHP\Library\Think\Db\Driver.class.php 第 596 行.
NOTIC: [8] Undefined offset: 4 E:\phpStudy\WWW\gwshop\ThinkPHP\Library\Think\Db\Driver.class.php 第 597 行.
NOTIC: [8] Undefined offset: 4 E:\phpStudy\WWW\gwshop\ThinkPHP\Library\Think\Db\Driver.class.php 第 600 行.
NOTIC: [8] Undefined offset: 5 E:\phpStudy\WWW\gwshop\ThinkPHP\Library\Think\Db\Driver.class.php 第 596 行.
NOTIC: [8] Undefined offset: 5 E:\phpStudy\WWW\gwshop\ThinkPHP\Library\Think\Db\Driver.class.php 第 596 行.
NOTIC: [8] Undefined offset: 5 E:\phpStudy\WWW\gwshop\ThinkPHP\Library\Think\Db\Driver.class.php 第 597 行.
NOTIC: [8] Undefined offset: 5 E:\phpStudy\WWW\gwshop\ThinkPHP\Library\Think\Db\Driver.class.php 第 600 行.
NOTIC: [8] Undefined offset: 6 E:\phpStudy\WWW\gwshop\ThinkPHP\Library\Think\Db\Driver.class.php 第 596 行.
NOTIC: [8] Undefined offset: 6 E:\phpStudy\WWW\gwshop\ThinkPHP\Library\Think\Db\Driver.class.php 第 596 行.
NOTIC: [8] Undefined offset: 6 E:\phpStudy\WWW\gwshop\ThinkPHP\Library\Think\Db\Driver.class.php 第 597 行.
NOTIC: [8] Undefined offset: 6 E:\phpStudy\WWW\gwshop\ThinkPHP\Library\Think\Db\Driver.class.php 第 600 行.
NOTIC: [8] Undefined offset: 7 E:\phpStudy\WWW\gwshop\ThinkPHP\Library\Think\Db\Driver.class.php 第 596 行.
NOTIC: [8] Undefined offset: 7 E:\phpStudy\WWW\gwshop\ThinkPHP\Library\Think\Db\Driver.class.php 第 596 行.
NOTIC: [8] Undefined offset: 7 E:\phpStudy\WWW\gwshop\ThinkPHP\Library\Think\Db\Driver.class.php 第 597 行.
NOTIC: [8] Undefined offset: 7 E:\phpStudy\WWW\gwshop\ThinkPHP\Library\Think\Db\Driver.class.php 第 600 行.
NOTIC: [8] Undefined offset: 8 E:\phpStudy\WWW\gwshop\ThinkPHP\Library\Think\Db\Driver.class.php 第 596 行.
NOTIC: [8] Undefined offset: 8 E:\phpStudy\WWW\gwshop\ThinkPHP\Library\Think\Db\Driver.class.php 第 596 行.
NOTIC: [8] Undefined offset: 8 E:\phpStudy\WWW\gwshop\ThinkPHP\Library\Think\Db\Driver.class.php 第 597 行.
NOTIC: [8] Undefined offset: 8 E:\phpStudy\WWW\gwshop\ThinkPHP\Library\Think\Db\Driver.class.php 第 600 行.
NOTIC: [8] Undefined offset: 9 E:\phpStudy\WWW\gwshop\ThinkPHP\Library\Think\Db\Driver.class.php 第 596 行.
NOTIC: [8] Undefined offset: 9 E:\phpStudy\WWW\gwshop\ThinkPHP\Library\Think\Db\Driver.class.php 第 596 行.
NOTIC: [8] Undefined offset: 9 E:\phpStudy\WWW\gwshop\ThinkPHP\Library\Think\Db\Driver.class.php 第 597 行.
NOTIC: [8] Undefined offset: 9 E:\phpStudy\WWW\gwshop\ThinkPHP\Library\Think\Db\Driver.class.php 第 600 行.
NOTIC: [8] Undefined offset: 10 E:\phpStudy\WWW\gwshop\ThinkPHP\Library\Think\Db\Driver.class.php 第 596 行.
NOTIC: [8] Undefined offset: 10 E:\phpStudy\WWW\gwshop\ThinkPHP\Library\Think\Db\Driver.class.php 第 596 行.
NOTIC: [8] Undefined offset: 10 E:\phpStudy\WWW\gwshop\ThinkPHP\Library\Think\Db\Driver.class.php 第 597 行.
NOTIC: [8] Undefined offset: 10 E:\phpStudy\WWW\gwshop\ThinkPHP\Library\Think\Db\Driver.class.php 第 600 行.
SQL: SELECT `id`,`type_name`,`type_desc`,`type_img`,`parent_id` FROM `gwshop_goods_category` WHERE ( `parent_id` = null AND `parent_id` = null AND `parent_id` = null AND `parent_id` = null AND `parent_id` = null AND `parent_id` = null AND `parent_id` = null AND `parent_id` = null AND `parent_id` = null AND `parent_id` = null AND `parent_id` = null  )  [ RunTime:0.0000s ]
INFO: [ app_end ] --START--
INFO: Run Behavior\ShowPageTraceBehavior [ RunTime:0.000000s ]
INFO: [ app_end ] --END-- [ RunTime:0.000000s ]

[ 2016-09-09T16:16:23+08:00 ] 127.0.0.1 /Home/goodsCategory/Category_pc/_platform/web
INFO: [ app_init ] --START--
INFO: Run Behavior\BuildLiteBehavior [ RunTime:0.000000s ]
INFO: [ app_init ] --END-- [ RunTime:0.001000s ]
INFO: [ app_begin ] --START--
INFO: Run Behavior\ReadHtmlCacheBehavior [ RunTime:0.001000s ]
INFO: [ app_begin ] --END-- [ RunTime:0.001000s ]
SQL: SHOW COLUMNS FROM `gwshop_goods_category` [ RunTime:0.0030s ]
SQL: SELECT * FROM `gwshop_goods_category` WHERE `parent_id` = 0 ORDER BY id  [ RunTime:0.0000s ]
SQL: SELECT `id`,`type_name`,`type_desc`,`type_img`,`parent_id` FROM `gwshop_goods_category` WHERE `parent_id` = 0  [ RunTime:0.0000s ]
INFO: [ app_end ] --START--
INFO: Run Behavior\ShowPageTraceBehavior [ RunTime:0.000000s ]
INFO: [ app_end ] --END-- [ RunTime:0.000000s ]

[ 2016-09-09T16:17:04+08:00 ] 127.0.0.1 /Home/goodsCategory/Category_pc/_platform/web
INFO: [ app_init ] --START--
INFO: Run Behavior\BuildLiteBehavior [ RunTime:0.000000s ]
INFO: [ app_init ] --END-- [ RunTime:0.000000s ]
INFO: [ app_begin ] --START--
INFO: Run Behavior\ReadHtmlCacheBehavior [ RunTime:0.000000s ]
INFO: [ app_begin ] --END-- [ RunTime:0.000000s ]
SQL: SHOW COLUMNS FROM `gwshop_goods_category` [ RunTime:0.0030s ]
SQL: SELECT * FROM `gwshop_goods_category` WHERE `parent_id` = 0 ORDER BY id  [ RunTime:0.0000s ]
SQL: SELECT `id`,`type_name`,`type_desc`,`type_img`,`parent_id` FROM `gwshop_goods_category` WHERE `parent_id` = 1  [ RunTime:0.0010s ]
INFO: [ app_end ] --START--
INFO: Run Behavior\ShowPageTraceBehavior [ RunTime:0.000000s ]
INFO: [ app_end ] --END-- [ RunTime:0.000000s ]

[ 2016-09-09T16:32:55+08:00 ] 127.0.0.1 /Home/goodsCategory/Category_pc/_platform/web/cat_id/1
INFO: [ app_init ] --START--
INFO: Run Behavior\BuildLiteBehavior [ RunTime:0.000000s ]
INFO: [ app_init ] --END-- [ RunTime:0.000000s ]
INFO: [ app_begin ] --START--
INFO: Run Behavior\ReadHtmlCacheBehavior [ RunTime:0.001000s ]
INFO: [ app_begin ] --END-- [ RunTime:0.001000s ]
SQL: SHOW COLUMNS FROM `gwshop_goods_category` [ RunTime:0.0020s ]
SQL: SELECT `id`,`type_name`,`type_desc`,`type_img`,`parent_id` FROM `gwshop_goods_category` WHERE `parent_id` = 1  [ RunTime:0.0000s ]
INFO: [ app_end ] --START--
INFO: Run Behavior\ShowPageTraceBehavior [ RunTime:0.001001s ]
INFO: [ app_end ] --END-- [ RunTime:0.001001s ]

[ 2016-09-09T16:32:58+08:00 ] 127.0.0.1 /Home/goodsCategory/Category_pc/_platform/web/cat_id/2
INFO: [ app_init ] --START--
INFO: Run Behavior\BuildLiteBehavior [ RunTime:0.000000s ]
INFO: [ app_init ] --END-- [ RunTime:0.001000s ]
INFO: [ app_begin ] --START--
INFO: Run Behavior\ReadHtmlCacheBehavior [ RunTime:0.001000s ]
INFO: [ app_begin ] --END-- [ RunTime:0.001000s ]
SQL: SHOW COLUMNS FROM `gwshop_goods_category` [ RunTime:0.0040s ]
SQL: SELECT `id`,`type_name`,`type_desc`,`type_img`,`parent_id` FROM `gwshop_goods_category` WHERE `parent_id` = 2  [ RunTime:0.0010s ]
INFO: [ app_end ] --START--
INFO: Run Behavior\ShowPageTraceBehavior [ RunTime:0.001000s ]
INFO: [ app_end ] --END-- [ RunTime:0.001000s ]

[ 2016-09-09T16:33:01+08:00 ] 127.0.0.1 /Home/goodsCategory/Category_pc/_platform/web/cat_id/3
INFO: [ app_init ] --START--
INFO: Run Behavior\BuildLiteBehavior [ RunTime:0.000000s ]
INFO: [ app_init ] --END-- [ RunTime:0.001000s ]
INFO: [ app_begin ] --START--
INFO: Run Behavior\ReadHtmlCacheBehavior [ RunTime:0.000000s ]
INFO: [ app_begin ] --END-- [ RunTime:0.001000s ]
SQL: SHOW COLUMNS FROM `gwshop_goods_category` [ RunTime:0.0020s ]
SQL: SELECT `id`,`type_name`,`type_desc`,`type_img`,`parent_id` FROM `gwshop_goods_category` WHERE `parent_id` = 3  [ RunTime:0.0010s ]
INFO: [ app_end ] --START--
INFO: Run Behavior\ShowPageTraceBehavior [ RunTime:0.000000s ]
INFO: [ app_end ] --END-- [ RunTime:0.000000s ]

[ 2016-09-09T16:33:26+08:00 ] 127.0.0.1 /Home/goodsCategory/Category_pc/_platform/web/cat_id/3
INFO: [ app_init ] --START--
INFO: Run Behavior\BuildLiteBehavior [ RunTime:0.000000s ]
INFO: [ app_init ] --END-- [ RunTime:0.001000s ]
INFO: [ app_begin ] --START--
INFO: Run Behavior\ReadHtmlCacheBehavior [ RunTime:0.001000s ]
INFO: [ app_begin ] --END-- [ RunTime:0.001000s ]
SQL: SHOW COLUMNS FROM `gwshop_goods_category` [ RunTime:0.0030s ]
SQL: SELECT `id`,`type_name`,`parent_id` FROM `gwshop_goods_category` WHERE `parent_id` = 3  [ RunTime:0.0000s ]
INFO: [ app_end ] --START--
INFO: Run Behavior\ShowPageTraceBehavior [ RunTime:0.001000s ]
INFO: [ app_end ] --END-- [ RunTime:0.001000s ]

[ 2016-09-09T16:33:32+08:00 ] 127.0.0.1 /Home/goodsCategory/Category_pc/_platform/web/cat_id/1
INFO: [ app_init ] --START--
INFO: Run Behavior\BuildLiteBehavior [ RunTime:0.000000s ]
INFO: [ app_init ] --END-- [ RunTime:0.001000s ]
INFO: [ app_begin ] --START--
INFO: Run Behavior\ReadHtmlCacheBehavior [ RunTime:0.001000s ]
INFO: [ app_begin ] --END-- [ RunTime:0.001000s ]
SQL: SHOW COLUMNS FROM `gwshop_goods_category` [ RunTime:0.0040s ]
SQL: SELECT `id`,`type_name`,`parent_id` FROM `gwshop_goods_category` WHERE `parent_id` = 1  [ RunTime:0.0000s ]
INFO: [ app_end ] --START--
INFO: Run Behavior\ShowPageTraceBehavior [ RunTime:0.001000s ]
INFO: [ app_end ] --END-- [ RunTime:0.001000s ]

[ 2016-09-09T16:33:35+08:00 ] 127.0.0.1 /Home/goodsCategory/Category_pc/_platform/web/cat_id/0
INFO: [ app_init ] --START--
INFO: Run Behavior\BuildLiteBehavior [ RunTime:0.000000s ]
INFO: [ app_init ] --END-- [ RunTime:0.000000s ]
INFO: [ app_begin ] --START--
INFO: Run Behavior\ReadHtmlCacheBehavior [ RunTime:0.001000s ]
INFO: [ app_begin ] --END-- [ RunTime:0.001000s ]
SQL: SHOW COLUMNS FROM `gwshop_goods_category` [ RunTime:0.0030s ]
SQL: SELECT * FROM `gwshop_goods_category` WHERE `parent_id` = 0 ORDER BY id  [ RunTime:0.0000s ]
SQL: SELECT `id`,`type_name`,`parent_id` FROM `gwshop_goods_category` WHERE `parent_id` = 1  [ RunTime:0.0010s ]
INFO: [ app_end ] --START--
INFO: Run Behavior\ShowPageTraceBehavior [ RunTime:0.000000s ]
INFO: [ app_end ] --END-- [ RunTime:0.000000s ]

[ 2016-09-09T16:42:47+08:00 ] 127.0.0.1 /Home/goodsCategory/Category_pc/_platform/web/cat_id/0
INFO: [ app_init ] --START--
INFO: Run Behavior\BuildLiteBehavior [ RunTime:0.000000s ]
INFO: [ app_init ] --END-- [ RunTime:0.001000s ]
INFO: [ app_begin ] --START--
INFO: Run Behavior\ReadHtmlCacheBehavior [ RunTime:0.001000s ]
INFO: [ app_begin ] --END-- [ RunTime:0.001000s ]
SQL: SHOW COLUMNS FROM `gwshop_goods_category` [ RunTime:0.0040s ]
SQL: SELECT * FROM `gwshop_goods_category` WHERE `parent_id` = 0 ORDER BY id  [ RunTime:0.0000s ]
SQL: SELECT `id`,`type_name`,`parent_id` FROM `gwshop_goods_category` WHERE `parent_id` = 1  [ RunTime:0.0010s ]

[ 2016-09-09T16:43:12+08:00 ] 127.0.0.1 /Home/goodsCategory/Category_pc/_platform/web/cat_id/0
INFO: [ app_init ] --START--
INFO: Run Behavior\BuildLiteBehavior [ RunTime:0.000000s ]
INFO: [ app_init ] --END-- [ RunTime:0.000000s ]
INFO: [ app_begin ] --START--
INFO: Run Behavior\ReadHtmlCacheBehavior [ RunTime:0.000000s ]
INFO: [ app_begin ] --END-- [ RunTime:0.000000s ]
SQL: SHOW COLUMNS FROM `gwshop_goods_category` [ RunTime:0.0030s ]
SQL: SELECT * FROM `gwshop_goods_category` WHERE `parent_id` = 0 ORDER BY id  [ RunTime:0.0000s ]
SQL: SELECT `id`,`type_name`,`parent_id` FROM `gwshop_goods_category` WHERE `parent_id` = 1  [ RunTime:0.0000s ]

[ 2016-09-09T16:47:52+08:00 ] 127.0.0.1 /Home/goods/index/_platform/web/cat_id/0
INFO: [ app_init ] --START--
INFO: Run Behavior\BuildLiteBehavior [ RunTime:0.000000s ]
INFO: [ app_init ] --END-- [ RunTime:0.001000s ]
INFO: [ app_begin ] --START--
INFO: Run Behavior\ReadHtmlCacheBehavior [ RunTime:0.000000s ]
INFO: [ app_begin ] --END-- [ RunTime:0.000000s ]
SQL: SHOW COLUMNS FROM `gwshop_goods` [ RunTime:0.0030s ]
SQL: SELECT COUNT(*) AS tp_count FROM `gwshop_goods` WHERE `is_on_sale` = 1 AND `gtype` = 0 LIMIT 1   [ RunTime:0.0010s ]
SQL: SELECT `id`,`goods_name`,`goods_price`,`market_price`,`goods_brief`,`is_hot`,`is_new`,`is_best`,`goods_img` FROM `gwshop_goods` WHERE `is_on_sale` = 1 AND `gtype` = 0 LIMIT 0,20   [ RunTime:0.0000s ]
SQL: SHOW COLUMNS FROM `gwshop_comments` [ RunTime:0.0030s ]
SQL: SELECT COUNT(*) AS tp_count FROM `gwshop_comments` WHERE `goods_id` = 1 LIMIT 1   [ RunTime:0.0000s ]
SQL: SELECT COUNT(*) AS tp_count FROM `gwshop_comments` WHERE `goods_id` = 2 LIMIT 1   [ RunTime:0.0000s ]
SQL: SELECT COUNT(*) AS tp_count FROM `gwshop_comments` WHERE `goods_id` = 3 LIMIT 1   [ RunTime:0.0000s ]
SQL: SELECT COUNT(*) AS tp_count FROM `gwshop_comments` WHERE `goods_id` = 5 LIMIT 1   [ RunTime:0.0000s ]
SQL: SELECT COUNT(*) AS tp_count FROM `gwshop_comments` WHERE `goods_id` = 6 LIMIT 1   [ RunTime:0.0010s ]
SQL: SELECT COUNT(*) AS tp_count FROM `gwshop_comments` WHERE `goods_id` = 10 LIMIT 1   [ RunTime:0.0000s ]
SQL: SELECT COUNT(*) AS tp_count FROM `gwshop_comments` WHERE `goods_id` = 11 LIMIT 1   [ RunTime:0.0000s ]
SQL: SELECT COUNT(*) AS tp_count FROM `gwshop_comments` WHERE `goods_id` = 12 LIMIT 1   [ RunTime:0.0000s ]
SQL: SELECT COUNT(*) AS tp_count FROM `gwshop_comments` WHERE `goods_id` = 13 LIMIT 1   [ RunTime:0.0000s ]

[ 2016-09-09T16:53:44+08:00 ] 127.0.0.1 /Home/Goods/detail/_platform/web/id/1
INFO: [ app_init ] --START--
INFO: Run Behavior\BuildLiteBehavior [ RunTime:0.000000s ]
INFO: [ app_init ] --END-- [ RunTime:0.000000s ]
INFO: [ app_begin ] --START--
INFO: Run Behavior\ReadHtmlCacheBehavior [ RunTime:0.000000s ]
INFO: [ app_begin ] --END-- [ RunTime:0.001000s ]
SQL: SHOW COLUMNS FROM `gwshop_goods` [ RunTime:0.0050s ]
SQL: SHOW COLUMNS FROM `gwshop_goods` [ RunTime:0.0040s ]
SQL: SELECT `id`,`cat_id`,`goods_name`,`goods_price`,`market_price`,`store_count`,`goods_brief`,`is_hot`,`is_best`,`is_new`,`spec_type`,`gtype`,`end_time` FROM `gwshop_goods` WHERE `id` = 1 LIMIT 1   [ RunTime:0.0010s ]
SQL: SHOW COLUMNS FROM `gwshop_goods_images` [ RunTime:0.0030s ]
SQL: SELECT * FROM `gwshop_goods_images` WHERE ( goods_id=1 )  [ RunTime:0.0000s ]
SQL: SHOW COLUMNS FROM `gwshop_spec_goods_price` [ RunTime:0.0030s ]
SQL: SELECT GROUP_CONCAT(`key` SEPARATOR '_') FROM `gwshop_spec_goods_price` WHERE ( goods_id = 1 ) LIMIT 1   [ RunTime:0.0000s ]
SQL: SHOW COLUMNS FROM `gwshop_spec_image` [ RunTime:0.0040s ]
SQL: SELECT `spec_image_id`,`src` FROM `gwshop_spec_image` WHERE ( goods_id = 1 and src != ''  )  [ RunTime:0.0000s ]
SQL: SELECT a.name,a.order,b.* FROM gwshop_spec AS a INNER JOIN gwshop_spec_item AS b ON a.id = b.spec_id WHERE b.id IN(1,3,2,3,1,4,2,4) ORDER BY a.order [ RunTime:0.0010s ]
SQL: SHOW COLUMNS FROM `gwshop_spec_goods_price` [ RunTime:0.0030s ]
SQL: SELECT `key`,`price`,`store_count` FROM `gwshop_spec_goods_price` WHERE ( goods_id = 1 )  [ RunTime:0.0000s ]

[ 2016-09-09T16:57:20+08:00 ] 127.0.0.1 /Home/Goods/detail/_platform/web/id/1
INFO: [ app_init ] --START--
INFO: Run Behavior\BuildLiteBehavior [ RunTime:0.000000s ]
INFO: [ app_init ] --END-- [ RunTime:0.000000s ]
INFO: [ app_begin ] --START--
INFO: Run Behavior\ReadHtmlCacheBehavior [ RunTime:0.001000s ]
INFO: [ app_begin ] --END-- [ RunTime:0.001000s ]
SQL: SHOW COLUMNS FROM `gwshop_goods` [ RunTime:0.0030s ]
SQL: SHOW COLUMNS FROM `gwshop_goods` [ RunTime:0.0030s ]
SQL: SELECT `id`,`cat_id`,`goods_name`,`goods_price`,`market_price`,`store_count`,`goods_brief`,`spec_type`,`gtype`,`goods_desc` FROM `gwshop_goods` WHERE `id` = 1 LIMIT 1   [ RunTime:0.0000s ]
SQL: SHOW COLUMNS FROM `gwshop_goods_images` [ RunTime:0.0020s ]
SQL: SELECT * FROM `gwshop_goods_images` WHERE ( goods_id=1 )  [ RunTime:0.0010s ]
SQL: SHOW COLUMNS FROM `gwshop_spec_goods_price` [ RunTime:0.0020s ]
SQL: SELECT GROUP_CONCAT(`key` SEPARATOR '_') FROM `gwshop_spec_goods_price` WHERE ( goods_id = 1 ) LIMIT 1   [ RunTime:0.0000s ]
SQL: SHOW COLUMNS FROM `gwshop_spec_image` [ RunTime:0.0020s ]
SQL: SELECT `spec_image_id`,`src` FROM `gwshop_spec_image` WHERE ( goods_id = 1 and src != ''  )  [ RunTime:0.0000s ]
SQL: SELECT a.name,a.order,b.* FROM gwshop_spec AS a INNER JOIN gwshop_spec_item AS b ON a.id = b.spec_id WHERE b.id IN(1,3,2,3,1,4,2,4) ORDER BY a.order [ RunTime:0.0000s ]
SQL: SHOW COLUMNS FROM `gwshop_spec_goods_price` [ RunTime:0.0030s ]
SQL: SELECT `key`,`price`,`store_count` FROM `gwshop_spec_goods_price` WHERE ( goods_id = 1 )  [ RunTime:0.0000s ]

[ 2016-09-09T16:57:33+08:00 ] 127.0.0.1 /Home/Goods/detail/_platform/weixin/id/1
INFO: [ app_init ] --START--
INFO: Run Behavior\BuildLiteBehavior [ RunTime:0.000000s ]
INFO: [ app_init ] --END-- [ RunTime:0.001000s ]
INFO: [ app_begin ] --START--
INFO: Run Behavior\ReadHtmlCacheBehavior [ RunTime:0.001000s ]
INFO: [ app_begin ] --END-- [ RunTime:0.001000s ]
SQL: SHOW COLUMNS FROM `gwshop_goods` [ RunTime:0.0030s ]
SQL: SHOW COLUMNS FROM `gwshop_goods` [ RunTime:0.0030s ]
SQL: SELECT `id`,`cat_id`,`goods_name`,`goods_price`,`market_price`,`store_count`,`goods_brief`,`is_hot`,`is_best`,`is_new`,`spec_type`,`gtype`,`end_time` FROM `gwshop_goods` WHERE `id` = 1 LIMIT 1   [ RunTime:0.0000s ]
SQL: SHOW COLUMNS FROM `gwshop_goods_images` [ RunTime:0.0020s ]
SQL: SELECT * FROM `gwshop_goods_images` WHERE ( goods_id=1 )  [ RunTime:0.0010s ]
SQL: SHOW COLUMNS FROM `gwshop_spec_goods_price` [ RunTime:0.0020s ]
SQL: SELECT GROUP_CONCAT(`key` SEPARATOR '_') FROM `gwshop_spec_goods_price` WHERE ( goods_id = 1 ) LIMIT 1   [ RunTime:0.0000s ]
SQL: SHOW COLUMNS FROM `gwshop_spec_image` [ RunTime:0.0020s ]
SQL: SELECT `spec_image_id`,`src` FROM `gwshop_spec_image` WHERE ( goods_id = 1 and src != ''  )  [ RunTime:0.0000s ]
SQL: SELECT a.name,a.order,b.* FROM gwshop_spec AS a INNER JOIN gwshop_spec_item AS b ON a.id = b.spec_id WHERE b.id IN(1,3,2,3,1,4,2,4) ORDER BY a.order [ RunTime:0.0000s ]
SQL: SHOW COLUMNS FROM `gwshop_spec_goods_price` [ RunTime:0.0020s ]
SQL: SELECT `key`,`price`,`store_count` FROM `gwshop_spec_goods_price` WHERE ( goods_id = 1 )  [ RunTime:0.0000s ]

[ 2016-09-09T16:57:40+08:00 ] 127.0.0.1 /Home/Goods/detail/_platform/web/id/1
INFO: [ app_init ] --START--
INFO: Run Behavior\BuildLiteBehavior [ RunTime:0.000000s ]
INFO: [ app_init ] --END-- [ RunTime:0.000000s ]
INFO: [ app_begin ] --START--
INFO: Run Behavior\ReadHtmlCacheBehavior [ RunTime:0.000000s ]
INFO: [ app_begin ] --END-- [ RunTime:0.000000s ]
SQL: SHOW COLUMNS FROM `gwshop_goods` [ RunTime:0.0020s ]
SQL: SHOW COLUMNS FROM `gwshop_goods` [ RunTime:0.0020s ]
SQL: SELECT `id`,`cat_id`,`goods_name`,`goods_price`,`market_price`,`store_count`,`goods_brief`,`spec_type`,`gtype`,`goods_desc` FROM `gwshop_goods` WHERE `id` = 1 LIMIT 1   [ RunTime:0.0000s ]
SQL: SHOW COLUMNS FROM `gwshop_goods_images` [ RunTime:0.0020s ]
SQL: SELECT * FROM `gwshop_goods_images` WHERE ( goods_id=1 )  [ RunTime:0.0000s ]
SQL: SHOW COLUMNS FROM `gwshop_spec_goods_price` [ RunTime:0.0030s ]
SQL: SELECT GROUP_CONCAT(`key` SEPARATOR '_') FROM `gwshop_spec_goods_price` WHERE ( goods_id = 1 ) LIMIT 1   [ RunTime:0.0000s ]
SQL: SHOW COLUMNS FROM `gwshop_spec_image` [ RunTime:0.0020s ]
SQL: SELECT `spec_image_id`,`src` FROM `gwshop_spec_image` WHERE ( goods_id = 1 and src != ''  )  [ RunTime:0.0000s ]
SQL: SELECT a.name,a.order,b.* FROM gwshop_spec AS a INNER JOIN gwshop_spec_item AS b ON a.id = b.spec_id WHERE b.id IN(1,3,2,3,1,4,2,4) ORDER BY a.order [ RunTime:0.0010s ]
SQL: SHOW COLUMNS FROM `gwshop_spec_goods_price` [ RunTime:0.0020s ]
SQL: SELECT `key`,`price`,`store_count` FROM `gwshop_spec_goods_price` WHERE ( goods_id = 1 )  [ RunTime:0.0000s ]

[ 2016-09-09T17:13:36+08:00 ] 127.0.0.1 /Home/User/center/_platform/web/id/1
INFO: [ app_init ] --START--
INFO: Run Behavior\BuildLiteBehavior [ RunTime:0.000000s ]
INFO: [ app_init ] --END-- [ RunTime:0.001000s ]
INFO: [ app_begin ] --START--
INFO: Run Behavior\ReadHtmlCacheBehavior [ RunTime:0.000000s ]
INFO: [ app_begin ] --END-- [ RunTime:0.000000s ]

[ 2016-09-09T17:13:41+08:00 ] 127.0.0.1 /Home/User/center/_platform/web
INFO: [ app_init ] --START--
INFO: Run Behavior\BuildLiteBehavior [ RunTime:0.000000s ]
INFO: [ app_init ] --END-- [ RunTime:0.000000s ]
INFO: [ app_begin ] --START--
INFO: Run Behavior\ReadHtmlCacheBehavior [ RunTime:0.000000s ]
INFO: [ app_begin ] --END-- [ RunTime:0.001000s ]

