[ 2016-09-08T16:32:45+08:00 ] 127.0.0.1 /home
INFO: [ app_init ] --START--
INFO: Run Behavior\BuildLiteBehavior [ RunTime:0.000000s ]
INFO: [ app_init ] --END-- [ RunTime:0.001000s ]
INFO: [ app_begin ] --START--
INFO: Run Behavior\ReadHtmlCacheBehavior [ RunTime:0.000000s ]
INFO: [ app_begin ] --END-- [ RunTime:0.000000s ]
SQL: SHOW COLUMNS FROM `gwshop_ad` [ RunTime:0.0120s ]
SQL: SELECT `ad_name`,`ad_link`,`ad_code` FROM `gwshop_ad` WHERE `pid` = 1  [ RunTime:0.0170s ]
SQL: SHOW COLUMNS FROM `gwshop_goods_category` [ RunTime:0.0030s ]
SQL: SELECT `type_name`,`type_img`,`id` FROM `gwshop_goods_category` WHERE ( level=1 ) ORDER BY sort_order LIMIT 4   [ RunTime:0.0010s ]
SQL: SHOW COLUMNS FROM `gwshop_goods` [ RunTime:0.0050s ]
SQL: SELECT `id`,`goods_img`,`goods_price`,`goods_name`,`goods_brief`,`click_count`,`favorite_count`,`comment_count` FROM `gwshop_goods` WHERE ( is_recommend=1 and is_on_sale=1 ) ORDER BY id DESC LIMIT 3   [ RunTime:0.0000s ]
SQL: SELECT `id`,`goods_img`,`goods_price`,`goods_name`,`market_price` FROM `gwshop_goods` WHERE ( gtype=2 and is_on_sale=1 ) ORDER BY id DESC LIMIT 3   [ RunTime:0.0000s ]
SQL: SHOW COLUMNS FROM `gwshop_active` [ RunTime:0.0040s ]
SQL: SELECT `end_time` FROM `gwshop_active` WHERE `type` = 'limit_goods' LIMIT 1   [ RunTime:0.0000s ]
SQL: SELECT `id`,`goods_img`,`goods_price`,`goods_name`,`goods_brief`,`click_count` FROM `gwshop_goods` WHERE ( is_hot=1 and is_on_sale=1 ) ORDER BY id DESC LIMIT 8   [ RunTime:0.0010s ]

[ 2016-09-08T16:33:13+08:00 ] 127.0.0.1 /home
INFO: [ app_init ] --START--
INFO: Run Behavior\BuildLiteBehavior [ RunTime:0.000000s ]
INFO: [ app_init ] --END-- [ RunTime:0.000000s ]
INFO: [ app_begin ] --START--
INFO: Run Behavior\ReadHtmlCacheBehavior [ RunTime:0.000000s ]
INFO: [ app_begin ] --END-- [ RunTime:0.000000s ]
SQL: SHOW COLUMNS FROM `gwshop_ad` [ RunTime:0.0030s ]
SQL: SELECT `ad_name`,`ad_link`,`ad_code` FROM `gwshop_ad` WHERE `pid` = 1  [ RunTime:0.0000s ]
SQL: SHOW COLUMNS FROM `gwshop_goods_category` [ RunTime:0.0020s ]
SQL: SELECT `type_name`,`type_img`,`id` FROM `gwshop_goods_category` WHERE ( level=1 ) ORDER BY sort_order LIMIT 4   [ RunTime:0.0000s ]
SQL: SHOW COLUMNS FROM `gwshop_goods` [ RunTime:0.0030s ]
SQL: SELECT `id`,`goods_img`,`goods_price`,`goods_name`,`goods_brief`,`click_count`,`favorite_count`,`comment_count` FROM `gwshop_goods` WHERE ( is_recommend=1 and is_on_sale=1 ) ORDER BY id DESC LIMIT 3   [ RunTime:0.0010s ]
SQL: SELECT `id`,`goods_img`,`goods_price`,`goods_name`,`market_price` FROM `gwshop_goods` WHERE ( gtype=2 and is_on_sale=1 ) ORDER BY id DESC LIMIT 3   [ RunTime:0.0000s ]
SQL: SHOW COLUMNS FROM `gwshop_active` [ RunTime:0.0030s ]
SQL: SELECT `end_time` FROM `gwshop_active` WHERE `type` = 'limit_goods' LIMIT 1   [ RunTime:0.0000s ]
SQL: SELECT `id`,`goods_img`,`goods_price`,`goods_name`,`goods_brief`,`click_count` FROM `gwshop_goods` WHERE ( is_hot=1 and is_on_sale=1 ) ORDER BY id DESC LIMIT 8   [ RunTime:0.0010s ]

[ 2016-09-08T17:00:16+08:00 ] 127.0.0.1 /home
INFO: [ app_init ] --START--
INFO: Run Behavior\BuildLiteBehavior [ RunTime:0.000000s ]
INFO: [ app_init ] --END-- [ RunTime:0.000000s ]
INFO: [ app_begin ] --START--
INFO: Run Behavior\ReadHtmlCacheBehavior [ RunTime:0.000000s ]
INFO: [ app_begin ] --END-- [ RunTime:0.000000s ]
SQL: SHOW COLUMNS FROM `gwshop_ad` [ RunTime:0.0030s ]
SQL: SELECT `ad_name`,`ad_link`,`ad_code` FROM `gwshop_ad` WHERE `pid` = 1  [ RunTime:0.0010s ]
SQL: SHOW COLUMNS FROM `gwshop_goods_category` [ RunTime:0.0030s ]
SQL: SELECT `type_name`,`type_img`,`id` FROM `gwshop_goods_category` WHERE ( level=1 ) ORDER BY sort_order LIMIT 4   [ RunTime:0.0000s ]
SQL: SHOW COLUMNS FROM `gwshop_goods` [ RunTime:0.0040s ]
SQL: SELECT `id`,`goods_img`,`goods_price`,`goods_name`,`goods_brief`,`click_count`,`favorite_count`,`comment_count` FROM `gwshop_goods` WHERE ( is_recommend=1 and is_on_sale=1 ) ORDER BY id DESC LIMIT 3   [ RunTime:0.0000s ]
SQL: SELECT `id`,`goods_img`,`goods_price`,`goods_name`,`market_price` FROM `gwshop_goods` WHERE ( gtype=2 and is_on_sale=1 ) ORDER BY id DESC LIMIT 3   [ RunTime:0.0010s ]
SQL: SHOW COLUMNS FROM `gwshop_active` [ RunTime:0.0030s ]
SQL: SELECT `end_time` FROM `gwshop_active` WHERE `type` = 'limit_goods' LIMIT 1   [ RunTime:0.0010s ]
SQL: SELECT `id`,`goods_img`,`goods_price`,`goods_name`,`goods_brief`,`click_count` FROM `gwshop_goods` WHERE ( is_hot=1 and is_on_sale=1 ) ORDER BY id DESC LIMIT 8   [ RunTime:0.0000s ]

[ 2016-09-08T17:11:01+08:00 ] 127.0.0.1 /
INFO: [ app_init ] --START--
INFO: Run Behavior\BuildLiteBehavior [ RunTime:0.000000s ]
INFO: [ app_init ] --END-- [ RunTime:0.000000s ]
INFO: [ app_begin ] --START--
INFO: Run Behavior\ReadHtmlCacheBehavior [ RunTime:0.001000s ]
INFO: [ app_begin ] --END-- [ RunTime:0.001000s ]
SQL: SHOW COLUMNS FROM `gwshop_ad` [ RunTime:0.0030s ]
SQL: SELECT `ad_name`,`ad_link`,`ad_code` FROM `gwshop_ad` WHERE `pid` = 1  [ RunTime:0.0000s ]
SQL: SHOW COLUMNS FROM `gwshop_goods_category` [ RunTime:0.0030s ]
SQL: SELECT `type_name`,`type_img`,`id` FROM `gwshop_goods_category` WHERE ( level=1 ) ORDER BY sort_order LIMIT 4   [ RunTime:0.0010s ]
SQL: SHOW COLUMNS FROM `gwshop_goods` [ RunTime:0.0030s ]
SQL: SELECT `id`,`goods_img`,`goods_price`,`goods_name`,`goods_brief`,`click_count`,`favorite_count`,`comment_count` FROM `gwshop_goods` WHERE ( is_recommend=1 and is_on_sale=1 ) ORDER BY id DESC LIMIT 3   [ RunTime:0.0010s ]
SQL: SELECT `id`,`goods_img`,`goods_price`,`goods_name`,`market_price` FROM `gwshop_goods` WHERE ( gtype=2 and is_on_sale=1 ) ORDER BY id DESC LIMIT 3   [ RunTime:0.0010s ]
SQL: SHOW COLUMNS FROM `gwshop_active` [ RunTime:0.0030s ]
SQL: SELECT `end_time` FROM `gwshop_active` WHERE `type` = 'limit_goods' LIMIT 1   [ RunTime:0.0000s ]
SQL: SELECT `id`,`goods_img`,`goods_price`,`goods_name`,`goods_brief`,`click_count` FROM `gwshop_goods` WHERE ( is_hot=1 and is_on_sale=1 ) ORDER BY id DESC LIMIT 8   [ RunTime:0.0000s ]

[ 2016-09-08T17:20:51+08:00 ] 127.0.0.1 /
INFO: [ app_init ] --START--
INFO: Run Behavior\BuildLiteBehavior [ RunTime:0.000000s ]
INFO: [ app_init ] --END-- [ RunTime:0.000000s ]
INFO: [ app_begin ] --START--
INFO: Run Behavior\ReadHtmlCacheBehavior [ RunTime:0.000000s ]
INFO: [ app_begin ] --END-- [ RunTime:0.000000s ]

[ 2016-09-08T17:21:06+08:00 ] 127.0.0.1 /user/
INFO: [ app_init ] --START--
INFO: Run Behavior\BuildLiteBehavior [ RunTime:0.000000s ]
INFO: [ app_init ] --END-- [ RunTime:0.000000s ]
INFO: [ app_begin ] --START--
INFO: Run Behavior\ReadHtmlCacheBehavior [ RunTime:0.001000s ]
INFO: [ app_begin ] --END-- [ RunTime:0.001000s ]
ERR: 无法加载控制器:User

[ 2016-09-08T17:21:17+08:00 ] 127.0.0.1 /home/user
INFO: [ app_init ] --START--
INFO: Run Behavior\BuildLiteBehavior [ RunTime:0.000000s ]
INFO: [ app_init ] --END-- [ RunTime:0.000000s ]
INFO: [ app_begin ] --START--
INFO: Run Behavior\ReadHtmlCacheBehavior [ RunTime:0.001000s ]
INFO: [ app_begin ] --END-- [ RunTime:0.001000s ]
ERR: 无法加载控制器:User

[ 2016-09-08T17:21:21+08:00 ] 127.0.0.1 /home/user/cente
INFO: [ app_init ] --START--
INFO: Run Behavior\BuildLiteBehavior [ RunTime:0.000000s ]
INFO: [ app_init ] --END-- [ RunTime:0.001001s ]
INFO: [ app_begin ] --START--
INFO: Run Behavior\ReadHtmlCacheBehavior [ RunTime:0.001000s ]
INFO: [ app_begin ] --END-- [ RunTime:0.001000s ]
ERR: 无法加载控制器:User

[ 2016-09-08T17:21:23+08:00 ] 127.0.0.1 /home/user/center
INFO: [ app_init ] --START--
INFO: Run Behavior\BuildLiteBehavior [ RunTime:0.000000s ]
INFO: [ app_init ] --END-- [ RunTime:0.001000s ]
INFO: [ app_begin ] --START--
INFO: Run Behavior\ReadHtmlCacheBehavior [ RunTime:0.000000s ]
INFO: [ app_begin ] --END-- [ RunTime:0.001000s ]
ERR: 无法加载控制器:User

[ 2016-09-08T17:21:29+08:00 ] 127.0.0.1 /home/User/center
INFO: [ app_init ] --START--
INFO: Run Behavior\BuildLiteBehavior [ RunTime:0.000000s ]
INFO: [ app_init ] --END-- [ RunTime:0.000000s ]
INFO: [ app_begin ] --START--
INFO: Run Behavior\ReadHtmlCacheBehavior [ RunTime:0.000000s ]
INFO: [ app_begin ] --END-- [ RunTime:0.000000s ]
ERR: 无法加载控制器:User

[ 2016-09-08T17:21:32+08:00 ] 127.0.0.1 /home/Users/center
INFO: [ app_init ] --START--
INFO: Run Behavior\BuildLiteBehavior [ RunTime:0.000000s ]
INFO: [ app_init ] --END-- [ RunTime:0.001000s ]
INFO: [ app_begin ] --START--
INFO: Run Behavior\ReadHtmlCacheBehavior [ RunTime:0.001000s ]
INFO: [ app_begin ] --END-- [ RunTime:0.001000s ]
ERR: 无法加载控制器:Users

[ 2016-09-08T17:21:40+08:00 ] 127.0.0.1 /index.php/home/Users/center
INFO: [ app_init ] --START--
INFO: Run Behavior\BuildLiteBehavior [ RunTime:0.000000s ]
INFO: [ app_init ] --END-- [ RunTime:0.000000s ]
INFO: [ app_begin ] --START--
INFO: Run Behavior\ReadHtmlCacheBehavior [ RunTime:0.000000s ]
INFO: [ app_begin ] --END-- [ RunTime:0.000000s ]
ERR: 无法加载控制器:Users

[ 2016-09-08T17:21:56+08:00 ] 127.0.0.1 /index.php/home/User/center
INFO: [ app_init ] --START--
INFO: Run Behavior\BuildLiteBehavior [ RunTime:0.000000s ]
INFO: [ app_init ] --END-- [ RunTime:0.000000s ]
INFO: [ app_begin ] --START--
INFO: Run Behavior\ReadHtmlCacheBehavior [ RunTime:0.001000s ]
INFO: [ app_begin ] --END-- [ RunTime:0.001000s ]
ERR: 无法加载控制器:User

[ 2016-09-08T17:22:03+08:00 ] 127.0.0.1 /index.php/Home/User/center
INFO: [ app_init ] --START--
INFO: Run Behavior\BuildLiteBehavior [ RunTime:0.000000s ]
INFO: [ app_init ] --END-- [ RunTime:0.001000s ]
INFO: [ app_begin ] --START--
INFO: Run Behavior\ReadHtmlCacheBehavior [ RunTime:0.000000s ]
INFO: [ app_begin ] --END-- [ RunTime:0.001001s ]
ERR: 无法加载控制器:User

[ 2016-09-08T17:22:27+08:00 ] 127.0.0.1 /index.php/Home/user/center
INFO: [ app_init ] --START--
INFO: Run Behavior\BuildLiteBehavior [ RunTime:0.000000s ]
INFO: [ app_init ] --END-- [ RunTime:0.001000s ]
INFO: [ app_begin ] --START--
INFO: Run Behavior\ReadHtmlCacheBehavior [ RunTime:0.000000s ]
INFO: [ app_begin ] --END-- [ RunTime:0.000000s ]
ERR: 无法加载控制器:User

[ 2016-09-08T17:22:48+08:00 ] 127.0.0.1 /
INFO: [ app_init ] --START--
INFO: Run Behavior\BuildLiteBehavior [ RunTime:0.000000s ]
INFO: [ app_init ] --END-- [ RunTime:0.000000s ]
INFO: [ app_begin ] --START--
INFO: Run Behavior\ReadHtmlCacheBehavior [ RunTime:0.001000s ]
INFO: [ app_begin ] --END-- [ RunTime:0.001000s ]

[ 2016-09-08T17:22:52+08:00 ] 127.0.0.1 /home
INFO: [ app_init ] --START--
INFO: Run Behavior\BuildLiteBehavior [ RunTime:0.000000s ]
INFO: [ app_init ] --END-- [ RunTime:0.000000s ]
INFO: [ app_begin ] --START--
INFO: Run Behavior\ReadHtmlCacheBehavior [ RunTime:0.001000s ]
INFO: [ app_begin ] --END-- [ RunTime:0.001000s ]

[ 2016-09-08T17:22:56+08:00 ] 127.0.0.1 /home/index
INFO: [ app_init ] --START--
INFO: Run Behavior\BuildLiteBehavior [ RunTime:0.000000s ]
INFO: [ app_init ] --END-- [ RunTime:0.000000s ]
INFO: [ app_begin ] --START--
INFO: Run Behavior\ReadHtmlCacheBehavior [ RunTime:0.001000s ]
INFO: [ app_begin ] --END-- [ RunTime:0.001000s ]

[ 2016-09-08T17:23:01+08:00 ] 127.0.0.1 /home/user
INFO: [ app_init ] --START--
INFO: Run Behavior\BuildLiteBehavior [ RunTime:0.000000s ]
INFO: [ app_init ] --END-- [ RunTime:0.000000s ]
INFO: [ app_begin ] --START--
INFO: Run Behavior\ReadHtmlCacheBehavior [ RunTime:0.001000s ]
INFO: [ app_begin ] --END-- [ RunTime:0.001000s ]
ERR: 无法加载控制器:User

[ 2016-09-08T17:23:07+08:00 ] 127.0.0.1 /home/user/center
INFO: [ app_init ] --START--
INFO: Run Behavior\BuildLiteBehavior [ RunTime:0.000000s ]
INFO: [ app_init ] --END-- [ RunTime:0.001000s ]
INFO: [ app_begin ] --START--
INFO: Run Behavior\ReadHtmlCacheBehavior [ RunTime:0.000000s ]
INFO: [ app_begin ] --END-- [ RunTime:0.001000s ]
ERR: 无法加载控制器:User

[ 2016-09-08T17:23:20+08:00 ] 127.0.0.1 /Home/user/center
INFO: [ app_init ] --START--
INFO: Run Behavior\BuildLiteBehavior [ RunTime:0.000000s ]
INFO: [ app_init ] --END-- [ RunTime:0.000000s ]
INFO: [ app_begin ] --START--
INFO: Run Behavior\ReadHtmlCacheBehavior [ RunTime:0.001000s ]
INFO: [ app_begin ] --END-- [ RunTime:0.001000s ]
ERR: 无法加载控制器:User

[ 2016-09-08T17:23:54+08:00 ] 127.0.0.1 /Home/user/center
INFO: [ app_init ] --START--
INFO: Run Behavior\BuildLiteBehavior [ RunTime:0.000000s ]
INFO: [ app_init ] --END-- [ RunTime:0.000000s ]
INFO: [ app_begin ] --START--
INFO: Run Behavior\ReadHtmlCacheBehavior [ RunTime:0.000000s ]
INFO: [ app_begin ] --END-- [ RunTime:0.000000s ]

[ 2016-09-08T17:24:26+08:00 ] 127.0.0.1 /Home/user/center/_platform/web
INFO: [ app_init ] --START--
INFO: Run Behavior\BuildLiteBehavior [ RunTime:0.000000s ]
INFO: [ app_init ] --END-- [ RunTime:0.001001s ]
INFO: [ app_begin ] --START--
INFO: Run Behavior\ReadHtmlCacheBehavior [ RunTime:0.000000s ]
INFO: [ app_begin ] --END-- [ RunTime:0.000000s ]

[ 2016-09-08T17:24:39+08:00 ] 127.0.0.1 /Home/user/center/_platform/weixin
INFO: [ app_init ] --START--
INFO: Run Behavior\BuildLiteBehavior [ RunTime:0.000000s ]
INFO: [ app_init ] --END-- [ RunTime:0.001000s ]
INFO: [ app_begin ] --START--
INFO: Run Behavior\ReadHtmlCacheBehavior [ RunTime:0.000000s ]
INFO: [ app_begin ] --END-- [ RunTime:0.000000s ]

[ 2016-09-08T17:24:44+08:00 ] 127.0.0.1 /Home/user/center/_platform/web
INFO: [ app_init ] --START--
INFO: Run Behavior\BuildLiteBehavior [ RunTime:0.000000s ]
INFO: [ app_init ] --END-- [ RunTime:0.000000s ]
INFO: [ app_begin ] --START--
INFO: Run Behavior\ReadHtmlCacheBehavior [ RunTime:0.001000s ]
INFO: [ app_begin ] --END-- [ RunTime:0.001000s ]

[ 2016-09-08T18:12:44+08:00 ] 127.0.0.1 /Home/user/center/_platform/web
INFO: [ app_init ] --START--
INFO: Run Behavior\BuildLiteBehavior [ RunTime:0.000000s ]
INFO: [ app_init ] --END-- [ RunTime:0.000000s ]
INFO: [ app_begin ] --START--
INFO: Run Behavior\ReadHtmlCacheBehavior [ RunTime:0.001000s ]
INFO: [ app_begin ] --END-- [ RunTime:0.001000s ]

