[ 2016-09-08T16:32:24+08:00 ] 127.0.0.1 /
INFO: [ app_init ] --START--
INFO: Run Behavior\BuildLiteBehavior [ RunTime:0.000000s ]
INFO: [ app_init ] --END-- [ RunTime:0.023001s ]
INFO: [ app_begin ] --START--
INFO: Run Behavior\ReadHtmlCacheBehavior [ RunTime:0.000000s ]
INFO: [ app_begin ] --END-- [ RunTime:0.000000s ]

[ 2016-09-08T16:32:24+08:00 ] 127.0.0.1 /favicon.ico
INFO: [ app_init ] --START--
INFO: Run Behavior\BuildLiteBehavior [ RunTime:0.000000s ]
INFO: [ app_init ] --END-- [ RunTime:0.001000s ]

[ 2016-09-08T16:33:09+08:00 ] 127.0.0.1 /wap
INFO: [ app_init ] --START--
INFO: Run Behavior\BuildLiteBehavior [ RunTime:0.000000s ]
INFO: [ app_init ] --END-- [ RunTime:0.001001s ]
INFO: [ app_begin ] --START--
INFO: Run Behavior\ReadHtmlCacheBehavior [ RunTime:0.001000s ]
INFO: [ app_begin ] --END-- [ RunTime:0.001000s ]
ERR: 无法加载控制器:Wap

[ 2016-09-08T16:33:16+08:00 ] 127.0.0.1 /
INFO: [ app_init ] --START--
INFO: Run Behavior\BuildLiteBehavior [ RunTime:0.000000s ]
INFO: [ app_init ] --END-- [ RunTime:0.001000s ]
INFO: [ app_begin ] --START--
INFO: Run Behavior\ReadHtmlCacheBehavior [ RunTime:0.001000s ]
INFO: [ app_begin ] --END-- [ RunTime:0.001000s ]

[ 2016-09-08T16:34:01+08:00 ] 127.0.0.1 /User
INFO: [ app_init ] --START--
INFO: Run Behavior\BuildLiteBehavior [ RunTime:0.000000s ]
INFO: [ app_init ] --END-- [ RunTime:0.000000s ]
INFO: [ app_begin ] --START--
INFO: Run Behavior\ReadHtmlCacheBehavior [ RunTime:0.001000s ]
INFO: [ app_begin ] --END-- [ RunTime:0.001000s ]

[ 2016-09-08T16:35:46+08:00 ] 127.0.0.1 /User
INFO: [ app_init ] --START--
INFO: Run Behavior\BuildLiteBehavior [ RunTime:0.000000s ]
INFO: [ app_init ] --END-- [ RunTime:0.001000s ]
INFO: [ app_begin ] --START--
INFO: Run Behavior\ReadHtmlCacheBehavior [ RunTime:0.001000s ]
INFO: [ app_begin ] --END-- [ RunTime:0.001000s ]
ERR: 无法加载控制器:Index

[ 2016-09-08T16:52:06+08:00 ] 127.0.0.1 /User
INFO: [ app_init ] --START--
INFO: Run Behavior\BuildLiteBehavior [ RunTime:0.000000s ]
INFO: [ app_init ] --END-- [ RunTime:0.000000s ]
INFO: [ app_begin ] --START--
INFO: Run Behavior\ReadHtmlCacheBehavior [ RunTime:0.001000s ]
INFO: [ app_begin ] --END-- [ RunTime:0.001000s ]
ERR: 无法加载控制器:Index

[ 2016-09-08T17:00:18+08:00 ] 127.0.0.1 /
INFO: [ app_init ] --START--
INFO: Run Behavior\BuildLiteBehavior [ RunTime:0.000000s ]
INFO: [ app_init ] --END-- [ RunTime:0.001000s ]
INFO: [ app_begin ] --START--
INFO: Run Behavior\ReadHtmlCacheBehavior [ RunTime:0.001000s ]
INFO: [ app_begin ] --END-- [ RunTime:0.001000s ]
SQL: SHOW COLUMNS FROM `gwshop_ad` [ RunTime:0.0030s ]
SQL: SELECT `ad_name`,`ad_link`,`ad_code` FROM `gwshop_ad` WHERE `pid` = 1  [ RunTime:0.0000s ]
SQL: SHOW COLUMNS FROM `gwshop_goods_category` [ RunTime:0.0030s ]
SQL: SELECT `type_name`,`type_img`,`id` FROM `gwshop_goods_category` WHERE ( level=1 ) ORDER BY sort_order LIMIT 4   [ RunTime:0.0000s ]
SQL: SHOW COLUMNS FROM `gwshop_goods` [ RunTime:0.0030s ]
SQL: SELECT `id`,`goods_img`,`goods_price`,`goods_name`,`goods_brief`,`click_count`,`favorite_count`,`comment_count` FROM `gwshop_goods` WHERE ( is_recommend=1 and is_on_sale=1 ) ORDER BY id DESC LIMIT 3   [ RunTime:0.0010s ]
SQL: SELECT `id`,`goods_img`,`goods_price`,`goods_name`,`market_price` FROM `gwshop_goods` WHERE ( gtype=2 and is_on_sale=1 ) ORDER BY id DESC LIMIT 3   [ RunTime:0.0000s ]
SQL: SHOW COLUMNS FROM `gwshop_active` [ RunTime:0.0030s ]
SQL: SELECT `end_time` FROM `gwshop_active` WHERE `type` = 'limit_goods' LIMIT 1   [ RunTime:0.0000s ]
SQL: SELECT `id`,`goods_img`,`goods_price`,`goods_name`,`goods_brief`,`click_count` FROM `gwshop_goods` WHERE ( is_hot=1 and is_on_sale=1 ) ORDER BY id DESC LIMIT 8   [ RunTime:0.0000s ]

[ 2016-09-08T17:00:51+08:00 ] 127.0.0.1 /
INFO: [ app_init ] --START--
INFO: Run Behavior\BuildLiteBehavior [ RunTime:0.000000s ]
INFO: [ app_init ] --END-- [ RunTime:0.000000s ]
INFO: [ app_begin ] --START--
INFO: Run Behavior\ReadHtmlCacheBehavior [ RunTime:0.000000s ]
INFO: [ app_begin ] --END-- [ RunTime:0.000000s ]
SQL: SHOW COLUMNS FROM `gwshop_ad` [ RunTime:0.0030s ]
SQL: SELECT `ad_name`,`ad_link`,`ad_code` FROM `gwshop_ad` WHERE `pid` = 1  [ RunTime:0.0000s ]
SQL: SHOW COLUMNS FROM `gwshop_goods_category` [ RunTime:0.0030s ]
SQL: SELECT `type_name`,`type_img`,`id` FROM `gwshop_goods_category` WHERE ( level=1 ) ORDER BY sort_order LIMIT 4   [ RunTime:0.0000s ]
SQL: SHOW COLUMNS FROM `gwshop_goods` [ RunTime:0.0040s ]
SQL: SELECT `id`,`goods_img`,`goods_price`,`goods_name`,`goods_brief`,`click_count`,`favorite_count`,`comment_count` FROM `gwshop_goods` WHERE ( is_recommend=1 and is_on_sale=1 ) ORDER BY id DESC LIMIT 3   [ RunTime:0.0000s ]
SQL: SELECT `id`,`goods_img`,`goods_price`,`goods_name`,`market_price` FROM `gwshop_goods` WHERE ( gtype=2 and is_on_sale=1 ) ORDER BY id DESC LIMIT 3   [ RunTime:0.0010s ]
SQL: SHOW COLUMNS FROM `gwshop_active` [ RunTime:0.0030s ]
SQL: SELECT `end_time` FROM `gwshop_active` WHERE `type` = 'limit_goods' LIMIT 1   [ RunTime:0.0000s ]
SQL: SELECT `id`,`goods_img`,`goods_price`,`goods_name`,`goods_brief`,`click_count` FROM `gwshop_goods` WHERE ( is_hot=1 and is_on_sale=1 ) ORDER BY id DESC LIMIT 8   [ RunTime:0.0000s ]

